[29.09.2022 15:45:30 ] [INFO] [user_interface] [ls_menu: 44] => The user has selected item number 5
[29.09.2022 15:45:38 ] [INFO] [user_interface] [ls_menu: 46] => User entered: {name}
[29.09.2022 15:45:43 ] [INFO] [user_interface] [ls_menu: 48] => User entered: {surname}
[29.09.2022 15:45:51 ] [INFO] [user_interface] [ls_menu: 50] => User entered: {number}
[29.09.2022 15:46:07 ] [INFO] [user_interface] [ls_menu: 52] => User entered: {email}
[29.09.2022 15:46:51 ] [INFO] [user_interface] [ls_menu: 22] => The user has selected item number 1
[29.09.2022 15:49:03 ] [INFO] [user_interface] [ls_menu: 22] => The user has selected item number 1
[29.09.2022 15:54:56 ] [INFO] [user_interface] [ñhecking_the_number: 156] => User entered an invalid menu value: {arg}
[29.09.2022 15:55:03 ] [INFO] [user_interface] [ls_menu: 22] => The user has selected item number 1
[29.09.2022 15:56:22 ] [INFO] [user_interface] [ls_menu: 141] => End
[29.09.2022 15:57:17 ] [INFO] [user_interface] [ls_menu: 44] => The user has selected item number 5
[29.09.2022 15:57:25 ] [INFO] [user_interface] [ls_menu: 46] => User entered: {name}
[29.09.2022 15:57:29 ] [INFO] [user_interface] [ls_menu: 48] => User entered: {surname}
[29.09.2022 15:57:34 ] [INFO] [user_interface] [ls_menu: 50] => User entered: {number}
[29.09.2022 15:57:46 ] [INFO] [user_interface] [ls_menu: 52] => User entered: {email}
[29.09.2022 15:57:51 ] [INFO] [user_interface] [ls_menu: 22] => The user has selected item number 1
[29.09.2022 15:58:15 ] [INFO] [user_interface] [ñhecking_the_number: 156] => User entered an invalid menu value: {arg}
[29.09.2022 15:58:18 ] [INFO] [user_interface] [ls_menu: 141] => End
[29.09.2022 15:58:37 ] [INFO] [user_interface] [ls_menu: 44] => The user has selected item number 5
[29.09.2022 15:59:02 ] [INFO] [user_interface] [ls_menu: 46] => User entered: {name}
[29.09.2022 15:59:04 ] [INFO] [user_interface] [ls_menu: 48] => User entered: {surname}
[29.09.2022 15:59:05 ] [INFO] [user_interface] [ls_menu: 50] => User entered: {number}
[29.09.2022 15:59:06 ] [INFO] [user_interface] [ls_menu: 52] => User entered: {email}
[29.09.2022 15:59:10 ] [INFO] [user_interface] [ñhecking_the_number: 156] => User entered an invalid menu value: {arg}
[29.09.2022 15:59:11 ] [INFO] [user_interface] [ñhecking_the_number: 156] => User entered an invalid menu value: {arg}
[29.09.2022 15:59:12 ] [INFO] [user_interface] [ñhecking_the_number: 156] => User entered an invalid menu value: {arg}
[29.09.2022 15:59:13 ] [INFO] [user_interface] [ñhecking_the_number: 156] => User entered an invalid menu value: {arg}
[29.09.2022 15:59:16 ] [INFO] [user_interface] [ñhecking_the_number: 156] => User entered an invalid menu value: {arg}
[29.09.2022 15:59:28 ] [INFO] [user_interface] [ls_menu: 44] => The user has selected item number 5
[29.09.2022 15:59:33 ] [INFO] [user_interface] [ls_menu: 46] => User entered: {name}
[29.09.2022 15:59:38 ] [INFO] [user_interface] [ls_menu: 48] => User entered: {surname}
[29.09.2022 15:59:43 ] [INFO] [user_interface] [ls_menu: 50] => User entered: {number}
[29.09.2022 15:59:53 ] [INFO] [user_interface] [ls_menu: 52] => User entered: {email}
[29.09.2022 16:01:07 ] [INFO] [user_interface] [ls_menu: 44] => The user has selected item number 5
[29.09.2022 16:01:12 ] [INFO] [user_interface] [ls_menu: 46] => User entered: {name}
[29.09.2022 16:01:16 ] [INFO] [user_interface] [ls_menu: 48] => User entered: {surname}
[29.09.2022 16:01:21 ] [INFO] [user_interface] [ls_menu: 50] => User entered: {number}
[29.09.2022 16:01:32 ] [INFO] [user_interface] [ls_menu: 52] => User entered: {email}
[29.09.2022 16:01:36 ] [INFO] [user_interface] [ls_menu: 22] => The user has selected item number 1
[29.09.2022 16:22:20 ] [INFO] [user_interface] [ls_menu: 22] => The user has selected item number 1
[29.09.2022 16:22:26 ] [INFO] [user_interface] [ls_menu: 22] => The user has selected item number 1
[29.09.2022 16:22:31 ] [INFO] [user_interface] [ls_menu: 22] => The user has selected item number 1
[29.09.2022 16:22:51 ] [INFO] [user_interface] [ls_menu: 141] => End
[29.09.2022 16:32:40 ] [INFO] [user_interface] [ls_menu: 44] => The user has selected item number 5
[29.09.2022 16:32:46 ] [INFO] [user_interface] [ls_menu: 46] => User entered: {name}
[29.09.2022 16:32:53 ] [INFO] [user_interface] [ls_menu: 48] => User entered: {surname}
[29.09.2022 16:32:59 ] [INFO] [user_interface] [ls_menu: 50] => User entered: {number}
[29.09.2022 16:33:09 ] [INFO] [user_interface] [ls_menu: 52] => User entered: {email}
[29.09.2022 16:33:25 ] [INFO] [user_interface] [ls_menu: 26] => The user has selected item number 2
[29.09.2022 16:33:32 ] [INFO] [user_interface] [ls_menu: 28] => User entered: {search}
